[    1000ms] [INFO] %cDownload the React DevTools for a better development experience: https://react.dev/link/react-devtools font-weight:bold @ http://localhost:3000/_next/static/chunks/node_modules_next_dist_f3530cac._.js:2297
[    1016ms] [LOG] [HMR] connected @ http://localhost:3000/_next/static/chunks/node_modules_next_dist_f3530cac._.js:2297
[    1124ms] [ERROR] A tree hydrated but some attributes of the server rendered HTML didn't match the client properties. This won't be patched up. This can happen if a SSR-ed Client Component used:

- A server/client branch `if (typeof window !== 'undefined')`.
- Variable input such as `Date.now()` or `Math.random()` which changes each time it's called.
- Date formatting in a user's locale which doesn't match the server.
- External changing data without sending a snapshot of it along with the HTML.
- Invalid HTML tag nesting.

It can also happen if the client has a browser extension installed which messes with the HTML before React loaded.

%s%s https://react.dev/link/hydration-mismatch 

  ...
    <header data-workspace-bar={true} className="flex items...">
      <div className="flex items...">
        <div>
        <div>
        ...
          <MenuProvider scope={{Menu:[...], ...}} onClose={function Menu.useCallback} ...>
            <DropdownMenuTrigger asChild={true}>
              <MenuAnchor asChild={true} __scopeMenu={{Menu:[...], ...}}>
                <PopperAnchor __scopePopper={{Menu:[...], ...}} asChild={true} ref={null}>
                  <Primitive.div asChild={true} ref={function}>
                    <Primitive.div.Slot ref={function}>
                      <Primitive.div.SlotClone ref={function}>
                        <Primitive.button type="button" id="radix-_R_q..." aria-haspopup="menu" aria-expanded={false} ...>
                          <Primitive.button.Slot type="button" id="radix-_R_q..." aria-haspopup="menu" ...>
                            <Primitive.button.SlotClone type="button" id="radix-_R_q..." aria-haspopup="menu" ...>
                              <button
                                aria-label="Seleccionar organización activa"
                                className="flex items-center gap-2 px-3 py-1.5 rounded-[5px] hover:bg-n-3 dark:hover:b..."
                                disabled={false}
                                type="button"
+                               id="radix-_R_qsnelb_"
-                               id="radix-_R_3bknelb_"
                                aria-haspopup="menu"
                                aria-expanded={false}
                                aria-controls={undefined}
                                data-state="closed"
                                data-disabled={undefined}
                                onPointerDown={function handleEvent}
                                onKeyDown={function handleEvent}
                                ref={function}
                              >
            ...
        <span>
        <div>
        <div>
        ...
          <MenuProvider scope={{Menu:[...], ...}} onClose={function Menu.useCallback} ...>
            <DropdownMenuTrigger asChild={true}>
              <MenuAnchor asChild={true} __scopeMenu={{Menu:[...], ...}}>
                <PopperAnchor __scopePopper={{Menu:[...], ...}} asChild={true} ref={null}>
                  <Primitive.div asChild={true} ref={function}>
                    <Primitive.div.Slot ref={function}>
                      <Primitive.div.SlotClone ref={function}>
                        <Primitive.button type="button" id="radix-_R_1..." aria-haspopup="menu" aria-expanded={false} ...>
                          <Primitive.button.Slot type="button" id="radix-_R_1..." aria-haspopup="menu" ...>
                            <Primitive.button.SlotClone type="button" id="radix-_R_1..." aria-haspopup="menu" ...>
                              <button
                                aria-label="Ver estado de servicios y recursos conectados"
                                className="flex items-center gap-2 h-8 px-3 rounded-[5px] bg-n-3 dark:bg-n-3 border bo..."
                                type="button"
+                               id="radix-_R_1qsnelb_"
-                               id="radix-_R_7bknelb_"
                                aria-haspopup="menu"
                                aria-expanded={false}
                                aria-controls={undefined}
                                data-state="closed"
                                data-disabled={undefined}
                                disabled={false}
                                onPointerDown={function handleEvent}
                                onKeyDown={function handleEvent}
                                ref={function}
                              >
            ...
      <div>
      ...
        <MenuProvider scope={{Menu:[...], ...}} open={false} onOpenChange={function useCallbackRef.useMemo} ...>
          <MenuProvider scope={{Menu:[...], ...}} onClose={function Menu.useCallback} ...>
            <DropdownMenuTrigger asChild={true}>
              <MenuAnchor asChild={true} __scopeMenu={{Menu:[...], ...}}>
                <PopperAnchor __scopePopper={{Menu:[...], ...}} asChild={true} ref={null}>
                  <Primitive.div asChild={true} ref={function}>
                    <Primitive.div.Slot ref={function}>
                      <Primitive.div.SlotClone ref={function}>
                        <Primitive.button type="button" id="radix-_R_2..." aria-haspopup="menu" aria-expanded={false} ...>
                          <Primitive.button.Slot type="button" id="radix-_R_2..." aria-haspopup="menu" ...>
                            <Primitive.button.SlotClone type="button" id="radix-_R_2..." aria-haspopup="menu" ...>
                              <button
                                className="flex items-center justify-center w-7 h-7 rounded-full bg-n-3 border-[1.5px]..."
                                type="button"
+                               id="radix-_R_2esnelb_"
-                               id="radix-_R_9rknelb_"
                                aria-haspopup="menu"
                                aria-expanded={false}
                                aria-controls={undefined}
                                data-state="closed"
                                data-disabled={undefined}
                                disabled={false}
                                onPointerDown={function handleEvent}
                                onKeyDown={function handleEvent}
                                ref={function}
                              >
            ...
 @ http://localhost:3000/_next/static/chunks/node_modules_next_dist_f3530cac._.js:3127
